<?xml version="1.0" encoding="UTF-8"?>
<testng-results ignored="0" total="3" passed="3" failed="0" skipped="0">
  <reporter-output>
  </reporter-output>
  <suite started-at="2024-09-16T10:21:11 IST" name="LumaSuite" finished-at="2024-09-16T10:22:06 IST" duration-ms="54919">
    <groups>
      <group name="cucumber">
        <method signature="AbstractTestNGCucumberTests.runScenario(io.cucumber.testng.PickleWrapper,io.cucumber.testng.FeatureWrapper)[pri:0, instance:cucumberOption.LumaRunner@692f203f]" name="runScenario" class="io.cucumber.testng.AbstractTestNGCucumberTests"/>
      </group> <!-- cucumber -->
    </groups>
    <test started-at="2024-09-16T10:21:11 IST" name="LumaTest" finished-at="2024-09-16T10:22:06 IST" duration-ms="54919">
      <class name="cucumberOption.LumaRunner">
        <test-method is-config="true" signature="setUpClass(org.testng.ITestContext)[pri:0, instance:cucumberOption.LumaRunner@692f203f]" started-at="2024-09-16T10:21:11 IST" name="setUpClass" finished-at="2024-09-16T10:21:11 IST" duration-ms="614" status="PASS">
          <params>
            <param index="0">
              <value>
                <![CDATA[org.testng.TestRunner@194e78af]]>
              </value>
            </param>
          </params>
          <reporter-output>
          </reporter-output>
        </test-method> <!-- setUpClass -->
        <test-method signature="runScenario(io.cucumber.testng.PickleWrapper,io.cucumber.testng.FeatureWrapper)[pri:0, instance:cucumberOption.LumaRunner@692f203f]" started-at="2024-09-16T10:21:11 IST" name="runScenario" description="Runs Cucumber Scenarios" data-provider="scenarios" finished-at="2024-09-16T10:21:42 IST" duration-ms="30371" status="PASS">
          <params>
            <param index="0">
              <value>
                <![CDATA["Sign up with valid credentials and log in"]]>
              </value>
            </param>
            <param index="1">
              <value>
                <![CDATA["Create a new account and sign in with the same details on the Luma Project"]]>
              </value>
            </param>
          </params>
          <reporter-output>
          </reporter-output>
        </test-method> <!-- runScenario -->
        <test-method signature="runScenario(io.cucumber.testng.PickleWrapper,io.cucumber.testng.FeatureWrapper)[pri:0, instance:cucumberOption.LumaRunner@692f203f]" started-at="2024-09-16T10:21:42 IST" name="runScenario" description="Runs Cucumber Scenarios" data-provider="scenarios" finished-at="2024-09-16T10:21:54 IST" duration-ms="12003" status="PASS">
          <params>
            <param index="0">
              <value>
                <![CDATA["login with registerd data"]]>
              </value>
            </param>
            <param index="1">
              <value>
                <![CDATA["Create a new account and sign in with the same details on the Luma Project"]]>
              </value>
            </param>
          </params>
          <reporter-output>
          </reporter-output>
        </test-method> <!-- runScenario -->
        <test-method signature="runScenario(io.cucumber.testng.PickleWrapper,io.cucumber.testng.FeatureWrapper)[pri:0, instance:cucumberOption.LumaRunner@692f203f]" started-at="2024-09-16T10:21:54 IST" name="runScenario" description="Runs Cucumber Scenarios" data-provider="scenarios" finished-at="2024-09-16T10:22:05 IST" duration-ms="11665" status="PASS">
          <params>
            <param index="0">
              <value>
                <![CDATA["Sign up with invalid data"]]>
              </value>
            </param>
            <param index="1">
              <value>
                <![CDATA["Create a new account and sign in with the same details on the Luma Project"]]>
              </value>
            </param>
          </params>
          <reporter-output>
          </reporter-output>
        </test-method> <!-- runScenario -->
        <test-method is-config="true" signature="tearDownClass()[pri:0, instance:cucumberOption.LumaRunner@692f203f]" started-at="2024-09-16T10:22:05 IST" name="tearDownClass" finished-at="2024-09-16T10:22:06 IST" duration-ms="214" status="PASS">
          <reporter-output>
          </reporter-output>
        </test-method> <!-- tearDownClass -->
      </class> <!-- cucumberOption.LumaRunner -->
    </test> <!-- LumaTest -->
  </suite> <!-- LumaSuite -->
</testng-results>
